<?xml version="1.0" encoding="UTF-8"?>
<testng-results ignored="0" total="2" passed="2" failed="0" skipped="0">
  <reporter-output>
  </reporter-output>
  <suite started-at="2022-02-02T13:27:25 IST" name="Suite" finished-at="2022-02-02T13:27:59 IST" duration-ms="33971">
    <groups>
    </groups>
    <test started-at="2022-02-02T13:27:25 IST" name="Chrome" finished-at="2022-02-02T13:27:59 IST" duration-ms="33971">
      <class name="Test.VerifyTimeTrackandTaskTab">
        <test-method is-config="true" signature="LaunchBrowser(java.lang.String)[pri:0, instance:Test.VerifyTimeTrackandTaskTab@31c88ec8]" started-at="2022-02-02T13:27:25 IST" name="LaunchBrowser" finished-at="2022-02-02T13:27:40 IST" duration-ms="15237" status="PASS">
          <params>
            <param index="0">
              <value>
                <![CDATA[Chrome]]>
              </value>
            </param>
          </params>
          <reporter-output>
          </reporter-output>
        </test-method> <!-- LaunchBrowser -->
        <test-method is-config="true" signature="initilizationpomclasses()[pri:0, instance:Test.VerifyTimeTrackandTaskTab@31c88ec8]" started-at="2022-02-02T13:27:40 IST" name="initilizationpomclasses" finished-at="2022-02-02T13:27:40 IST" duration-ms="67" status="PASS">
          <reporter-output>
          </reporter-output>
        </test-method> <!-- initilizationpomclasses -->
        <test-method is-config="true" signature="loginActiTime()[pri:0, instance:Test.VerifyTimeTrackandTaskTab@31c88ec8]" started-at="2022-02-02T13:27:40 IST" name="loginActiTime" finished-at="2022-02-02T13:27:49 IST" duration-ms="9002" status="PASS">
          <reporter-output>
          </reporter-output>
        </test-method> <!-- loginActiTime -->
        <test-method signature="ToVerifyTaskTab()[pri:0, instance:Test.VerifyTimeTrackandTaskTab@31c88ec8]" started-at="2022-02-02T13:27:49 IST" name="ToVerifyTaskTab" finished-at="2022-02-02T13:27:56 IST" duration-ms="6621" status="PASS">
          <reporter-output>
          </reporter-output>
        </test-method> <!-- ToVerifyTaskTab -->
        <test-method is-config="true" signature="logoutActiTime(org.testng.ITestResult)[pri:0, instance:Test.VerifyTimeTrackandTaskTab@31c88ec8]" started-at="2022-02-02T13:27:56 IST" name="logoutActiTime" finished-at="2022-02-02T13:27:56 IST" duration-ms="303" status="PASS">
          <params>
            <param index="0">
              <value>
                <![CDATA[[TestResult name=ToVerifyTaskTab status=SUCCESS method=VerifyTimeTrackandTaskTab.ToVerifyTaskTab()[pri:0, instance:Test.VerifyTimeTrackandTaskTab@31c88ec8] output={null}]]]>
              </value>
            </param>
          </params>
          <reporter-output>
          </reporter-output>
        </test-method> <!-- logoutActiTime -->
        <test-method is-config="true" signature="loginActiTime()[pri:0, instance:Test.VerifyTimeTrackandTaskTab@31c88ec8]" started-at="2022-02-02T13:27:56 IST" name="loginActiTime" finished-at="2022-02-02T13:27:57 IST" duration-ms="555" status="PASS">
          <reporter-output>
          </reporter-output>
        </test-method> <!-- loginActiTime -->
        <test-method signature="ToVerifyTimeTrackTab()[pri:0, instance:Test.VerifyTimeTrackandTaskTab@31c88ec8]" started-at="2022-02-02T13:27:57 IST" name="ToVerifyTimeTrackTab" finished-at="2022-02-02T13:27:57 IST" duration-ms="649" status="PASS">
          <reporter-output>
          </reporter-output>
        </test-method> <!-- ToVerifyTimeTrackTab -->
        <test-method is-config="true" signature="logoutActiTime(org.testng.ITestResult)[pri:0, instance:Test.VerifyTimeTrackandTaskTab@31c88ec8]" started-at="2022-02-02T13:27:57 IST" name="logoutActiTime" finished-at="2022-02-02T13:27:58 IST" duration-ms="243" status="PASS">
          <params>
            <param index="0">
              <value>
                <![CDATA[[TestResult name=ToVerifyTimeTrackTab status=SUCCESS method=VerifyTimeTrackandTaskTab.ToVerifyTimeTrackTab()[pri:0, instance:Test.VerifyTimeTrackandTaskTab@31c88ec8] output={null}]]]>
              </value>
            </param>
          </params>
          <reporter-output>
          </reporter-output>
        </test-method> <!-- logoutActiTime -->
        <test-method is-config="true" signature="Clearobject()[pri:0, instance:Test.VerifyTimeTrackandTaskTab@31c88ec8]" started-at="2022-02-02T13:27:58 IST" name="Clearobject" finished-at="2022-02-02T13:27:58 IST" duration-ms="1" status="PASS">
          <reporter-output>
          </reporter-output>
        </test-method> <!-- Clearobject -->
        <test-method is-config="true" signature="closeBrowser()[pri:0, instance:Test.VerifyTimeTrackandTaskTab@31c88ec8]" started-at="2022-02-02T13:27:58 IST" name="closeBrowser" finished-at="2022-02-02T13:27:59 IST" duration-ms="1198" status="PASS">
          <reporter-output>
          </reporter-output>
        </test-method> <!-- closeBrowser -->
      </class> <!-- Test.VerifyTimeTrackandTaskTab -->
    </test> <!-- Chrome -->
  </suite> <!-- Suite -->
</testng-results>
